<?xml version="1.0" encoding="UTF-8"?>
<testng-results skipped="0" failed="0" ignored="0" total="2" passed="2">
  <reporter-output>
  </reporter-output>
  <suite name="Suite" duration-ms="89" started-at="2020-06-13T17:00:30Z" finished-at="2020-06-13T17:00:30Z">
    <groups>
    </groups>
    <test name="Test" duration-ms="89" started-at="2020-06-13T17:00:30Z" finished-at="2020-06-13T17:00:30Z">
      <class name="TestNg.Annotations">
        <test-method status="PASS" signature="m2()[pri:0, instance:TestNg.Annotations@4520ebad]" name="m2" is-config="true" duration-ms="10" started-at="2020-06-13T17:00:30Z" finished-at="2020-06-13T17:00:30Z">
          <reporter-output>
          </reporter-output>
        </test-method> <!-- m2 -->
        <test-method status="PASS" signature="m1()[pri:0, instance:TestNg.Annotations@4520ebad]" name="m1" duration-ms="13" started-at="2020-06-13T17:00:30Z" finished-at="2020-06-13T17:00:30Z">
          <reporter-output>
          </reporter-output>
        </test-method> <!-- m1 -->
        <test-method status="PASS" signature="m2()[pri:0, instance:TestNg.Annotations@4520ebad]" name="m2" is-config="true" duration-ms="1" started-at="2020-06-13T17:00:30Z" finished-at="2020-06-13T17:00:30Z">
          <reporter-output>
          </reporter-output>
        </test-method> <!-- m2 -->
        <test-method status="PASS" signature="m3()[pri:0, instance:TestNg.Annotations@4520ebad]" name="m3" duration-ms="2" started-at="2020-06-13T17:00:30Z" finished-at="2020-06-13T17:00:30Z">
          <reporter-output>
          </reporter-output>
        </test-method> <!-- m3 -->
      </class> <!-- TestNg.Annotations -->
    </test> <!-- Test -->
  </suite> <!-- Suite -->
</testng-results>
