<?xml version="1.0" encoding="UTF-8"?>
<testng-results skipped="0" failed="0" ignored="0" total="1" passed="1">
  <reporter-output>
  </reporter-output>
  <suite name="Default suite" duration-ms="80" started-at="2020-06-14T09:02:16Z" finished-at="2020-06-14T09:02:16Z">
    <groups>
    </groups>
    <test name="Default test" duration-ms="80" started-at="2020-06-14T09:02:16Z" finished-at="2020-06-14T09:02:16Z">
      <class name="TestNg.Annotations">
        <test-method status="PASS" signature="m3()[pri:0, instance:TestNg.Annotations@7dc7cbad]" name="m3" is-config="true" duration-ms="19" started-at="2020-06-14T09:02:16Z" finished-at="2020-06-14T09:02:16Z">
          <reporter-output>
          </reporter-output>
        </test-method> <!-- m3 -->
        <test-method status="PASS" signature="m1()[pri:0, instance:TestNg.Annotations@7dc7cbad]" name="m1" is-config="true" duration-ms="1" started-at="2020-06-14T09:02:16Z" finished-at="2020-06-14T09:02:16Z">
          <reporter-output>
          </reporter-output>
        </test-method> <!-- m1 -->
        <test-method status="PASS" signature="m2()[pri:0, instance:TestNg.Annotations@7dc7cbad]" name="m2" is-config="true" duration-ms="1" started-at="2020-06-14T09:02:16Z" finished-at="2020-06-14T09:02:16Z">
          <reporter-output>
          </reporter-output>
        </test-method> <!-- m2 -->
        <test-method status="PASS" signature="m1()[pri:0, instance:TestNg.Annotations@7dc7cbad]" name="m1" duration-ms="15" started-at="2020-06-14T09:02:16Z" finished-at="2020-06-14T09:02:16Z">
          <reporter-output>
          </reporter-output>
        </test-method> <!-- m1 -->
      </class> <!-- TestNg.Annotations -->
    </test> <!-- Default test -->
  </suite> <!-- Default suite -->
</testng-results>
